<?xml version="1.0" ?>
<!DOCTYPE coverage SYSTEM "http://cobertura.sourceforge.net/xml/coverage-04.dtd">
<coverage lines-valid="180" lines-covered="151" line-rate="0.8389" branches-valid="43" branches-covered="32" branch-rate="0.7442" timestamp="1588261699752" complexity="0" version="0.1">
  <sources>
    <source>/Users/mike/dev/YW-sludge-modelling-app/yw_react_fe/yw-fe</source>
  </sources>
  <packages>
    <package name="src" line-rate="1" branch-rate="1">
      <classes>
        <class name="App.js" filename="src/App.js" line-rate="1" branch-rate="1">
          <methods>
            <method name="App" hits="1" signature="()V">
              <lines>
                <line number="10" hits="1"/>
              </lines>
            </method>
          </methods>
          <lines>
            <line number="11" hits="1" branch="false"/>
          </lines>
        </class>
      </classes>
    </package>
    <package name="src.components.Button" line-rate="1" branch-rate="1">
      <classes>
        <class name="Button.js" filename="src/components/Button/Button.js" line-rate="1" branch-rate="1">
          <methods>
            <method name="(anonymous_0)" hits="23" signature="()V">
              <lines>
                <line number="5" hits="23"/>
              </lines>
            </method>
          </methods>
          <lines>
            <line number="5" hits="8" branch="true" condition-coverage="100% (1/1)"/>
            <line number="7" hits="23" branch="false"/>
            <line number="12" hits="23" branch="false"/>
          </lines>
        </class>
      </classes>
    </package>
    <package name="src.components.FileUpload" line-rate="0.7778" branch-rate="1">
      <classes>
        <class name="fileInput.js" filename="src/components/FileUpload/fileInput.js" line-rate="0.7778" branch-rate="1">
          <methods>
            <method name="(anonymous_0)" hits="6" signature="()V">
              <lines>
                <line number="7" hits="6"/>
              </lines>
            </method>
            <method name="(anonymous_1)" hits="6" signature="()V">
              <lines>
                <line number="13" hits="6"/>
              </lines>
            </method>
            <method name="(anonymous_2)" hits="0" signature="()V">
              <lines>
                <line number="15" hits="0"/>
              </lines>
            </method>
            <method name="(anonymous_3)" hits="2" signature="()V">
              <lines>
                <line number="27" hits="2"/>
              </lines>
            </method>
          </methods>
          <lines>
            <line number="7" hits="3" branch="false"/>
            <line number="9" hits="6" branch="false"/>
            <line number="10" hits="6" branch="false"/>
            <line number="13" hits="6" branch="false"/>
            <line number="14" hits="6" branch="false"/>
            <line number="16" hits="0" branch="false"/>
            <line number="17" hits="0" branch="false"/>
            <line number="26" hits="6" branch="false"/>
            <line number="27" hits="2" branch="false"/>
          </lines>
        </class>
      </classes>
    </package>
    <package name="src.components.FlowContainer" line-rate="1" branch-rate="1">
      <classes>
        <class name="index.js" filename="src/components/FlowContainer/index.js" line-rate="1" branch-rate="1">
          <methods>
            <method name="(anonymous_0)" hits="5" signature="()V">
              <lines>
                <line number="12" hits="5"/>
              </lines>
            </method>
            <method name="(anonymous_1)" hits="1" signature="()V">
              <lines>
                <line number="14" hits="1"/>
              </lines>
            </method>
          </methods>
          <lines>
            <line number="12" hits="3" branch="false"/>
            <line number="13" hits="5" branch="false"/>
            <line number="14" hits="5" branch="false"/>
            <line number="15" hits="1" branch="false"/>
            <line number="24" hits="5" branch="false"/>
          </lines>
        </class>
      </classes>
    </package>
    <package name="src.components.FlowContainer.Input" line-rate="1" branch-rate="1">
      <classes>
        <class name="index.js" filename="src/components/FlowContainer/Input/index.js" line-rate="1" branch-rate="1">
          <methods>
            <method name="(anonymous_0)" hits="6" signature="()V">
              <lines>
                <line number="6" hits="6"/>
              </lines>
            </method>
            <method name="(anonymous_1)" hits="1" signature="()V">
              <lines>
                <line number="11" hits="1"/>
              </lines>
            </method>
            <method name="(anonymous_2)" hits="1" signature="()V">
              <lines>
                <line number="11" hits="1"/>
              </lines>
            </method>
          </methods>
          <lines>
            <line number="6" hits="4" branch="false"/>
            <line number="7" hits="6" branch="false"/>
            <line number="8" hits="6" branch="false"/>
            <line number="11" hits="1" branch="true" condition-coverage="100% (2/2)"/>
          </lines>
        </class>
      </classes>
    </package>
    <package name="src.components.FlowContainer.ResultsButton" line-rate="1" branch-rate="1">
      <classes>
        <class name="index.js" filename="src/components/FlowContainer/ResultsButton/index.js" line-rate="1" branch-rate="1">
          <methods>
            <method name="(anonymous_0)" hits="4" signature="()V">
              <lines>
                <line number="6" hits="4"/>
              </lines>
            </method>
          </methods>
          <lines>
            <line number="6" hits="4" branch="false"/>
            <line number="7" hits="4" branch="false"/>
            <line number="8" hits="4" branch="false"/>
          </lines>
        </class>
      </classes>
    </package>
    <package name="src.components.FlowContainer.RunArrow" line-rate="1" branch-rate="1">
      <classes>
        <class name="index.js" filename="src/components/FlowContainer/RunArrow/index.js" line-rate="1" branch-rate="1">
          <methods>
            <method name="(anonymous_0)" hits="4" signature="()V">
              <lines>
                <line number="7" hits="4"/>
              </lines>
            </method>
          </methods>
          <lines>
            <line number="7" hits="4" branch="false"/>
            <line number="8" hits="4" branch="false"/>
            <line number="10" hits="4" branch="false"/>
          </lines>
        </class>
      </classes>
    </package>
    <package name="src.components.FlowContainer.RunButton" line-rate="1" branch-rate="1">
      <classes>
        <class name="index.js" filename="src/components/FlowContainer/RunButton/index.js" line-rate="1" branch-rate="1">
          <methods>
            <method name="(anonymous_0)" hits="6" signature="()V">
              <lines>
                <line number="6" hits="6"/>
              </lines>
            </method>
          </methods>
          <lines>
            <line number="6" hits="4" branch="false"/>
            <line number="7" hits="6" branch="false"/>
            <line number="9" hits="6" branch="false"/>
          </lines>
        </class>
      </classes>
    </package>
    <package name="src.components.FlowContainer.Update" line-rate="1" branch-rate="1">
      <classes>
        <class name="index.js" filename="src/components/FlowContainer/Update/index.js" line-rate="1" branch-rate="1">
          <methods>
            <method name="(anonymous_0)" hits="4" signature="()V">
              <lines>
                <line number="6" hits="4"/>
              </lines>
            </method>
          </methods>
          <lines>
            <line number="6" hits="4" branch="false"/>
            <line number="7" hits="4" branch="false"/>
            <line number="9" hits="4" branch="false"/>
          </lines>
        </class>
      </classes>
    </package>
    <package name="src.components.Form" line-rate="1" branch-rate="1">
      <classes>
        <class name="index.js" filename="src/components/Form/index.js" line-rate="1" branch-rate="1">
          <methods>
            <method name="(anonymous_0)" hits="2" signature="()V">
              <lines>
                <line number="5" hits="2"/>
              </lines>
            </method>
            <method name="(anonymous_1)" hits="4" signature="()V">
              <lines>
                <line number="8" hits="4"/>
              </lines>
            </method>
          </methods>
          <lines>
            <line number="5" hits="4" branch="false"/>
            <line number="6" hits="2" branch="false"/>
            <line number="8" hits="4" branch="false"/>
          </lines>
        </class>
      </classes>
    </package>
    <package name="src.components.FormField" line-rate="1" branch-rate="1">
      <classes>
        <class name="index.js" filename="src/components/FormField/index.js" line-rate="1" branch-rate="1">
          <methods>
            <method name="(anonymous_0)" hits="4" signature="()V">
              <lines>
                <line number="4" hits="4"/>
              </lines>
            </method>
          </methods>
          <lines>
            <line number="4" hits="5" branch="false"/>
            <line number="5" hits="4" branch="false"/>
          </lines>
        </class>
      </classes>
    </package>
    <package name="src.components.Header" line-rate="1" branch-rate="1">
      <classes>
        <class name="header.js" filename="src/components/Header/header.js" line-rate="1" branch-rate="1">
          <methods>
            <method name="(anonymous_0)" hits="3" signature="()V">
              <lines>
                <line number="5" hits="3"/>
              </lines>
            </method>
          </methods>
          <lines>
            <line number="5" hits="2" branch="false"/>
            <line number="6" hits="3" branch="false"/>
          </lines>
        </class>
      </classes>
    </package>
    <package name="src.components.Help" line-rate="0.5" branch-rate="0.75">
      <classes>
        <class name="index.js" filename="src/components/Help/index.js" line-rate="0.5" branch-rate="0.75">
          <methods>
            <method name="(anonymous_0)" hits="5" signature="()V">
              <lines>
                <line number="7" hits="5"/>
              </lines>
            </method>
            <method name="(anonymous_1)" hits="0" signature="()V">
              <lines>
                <line number="15" hits="0"/>
              </lines>
            </method>
            <method name="(anonymous_2)" hits="0" signature="()V">
              <lines>
                <line number="23" hits="0"/>
              </lines>
            </method>
            <method name="(anonymous_3)" hits="0" signature="()V">
              <lines>
                <line number="26" hits="0"/>
              </lines>
            </method>
          </methods>
          <lines>
            <line number="7" hits="3" branch="false"/>
            <line number="8" hits="5" branch="false"/>
            <line number="9" hits="5" branch="false"/>
            <line number="15" hits="0" branch="false"/>
            <line number="23" hits="0" branch="false"/>
            <line number="26" hits="0" branch="false"/>
          </lines>
        </class>
      </classes>
    </package>
    <package name="src.components.List" line-rate="0.6364" branch-rate="1">
      <classes>
        <class name="index.js" filename="src/components/List/index.js" line-rate="0.6364" branch-rate="1">
          <methods>
            <method name="(anonymous_0)" hits="9" signature="()V">
              <lines>
                <line number="5" hits="9"/>
              </lines>
            </method>
            <method name="(anonymous_1)" hits="0" signature="()V">
              <lines>
                <line number="11" hits="0"/>
              </lines>
            </method>
            <method name="(anonymous_2)" hits="0" signature="()V">
              <lines>
                <line number="14" hits="0"/>
              </lines>
            </method>
            <method name="(anonymous_3)" hits="18" signature="()V">
              <lines>
                <line number="26" hits="18"/>
              </lines>
            </method>
          </methods>
          <lines>
            <line number="5" hits="4" branch="false"/>
            <line number="7" hits="9" branch="false"/>
            <line number="8" hits="9" branch="false"/>
            <line number="9" hits="9" branch="false"/>
            <line number="11" hits="9" branch="false"/>
            <line number="12" hits="0" branch="false"/>
            <line number="13" hits="0" branch="false"/>
            <line number="14" hits="0" branch="false"/>
            <line number="18" hits="0" branch="false"/>
            <line number="21" hits="9" branch="false"/>
            <line number="27" hits="18" branch="false"/>
          </lines>
        </class>
      </classes>
    </package>
    <package name="src.components.ListItem" line-rate="0.8571" branch-rate="0.5">
      <classes>
        <class name="index.js" filename="src/components/ListItem/index.js" line-rate="0.8571" branch-rate="0.5">
          <methods>
            <method name="(anonymous_0)" hits="20" signature="()V">
              <lines>
                <line number="8" hits="20"/>
              </lines>
            </method>
            <method name="(anonymous_1)" hits="0" signature="()V">
              <lines>
                <line number="14" hits="0"/>
              </lines>
            </method>
            <method name="(anonymous_2)" hits="1" signature="()V">
              <lines>
                <line number="35" hits="1"/>
              </lines>
            </method>
          </methods>
          <lines>
            <line number="8" hits="5" branch="false"/>
            <line number="9" hits="20" branch="false"/>
            <line number="14" hits="20" branch="false"/>
            <line number="15" hits="0" branch="false"/>
            <line number="27" hits="20" branch="false"/>
            <line number="36" hits="1" branch="false"/>
            <line number="37" hits="1" branch="false"/>
          </lines>
        </class>
      </classes>
    </package>
    <package name="src.components.Main" line-rate="1" branch-rate="0.5">
      <classes>
        <class name="index.js" filename="src/components/Main/index.js" line-rate="1" branch-rate="0.5">
          <methods>
            <method name="(anonymous_0)" hits="3" signature="()V">
              <lines>
                <line number="10" hits="3"/>
              </lines>
            </method>
          </methods>
          <lines>
            <line number="10" hits="2" branch="false"/>
            <line number="11" hits="3" branch="false"/>
            <line number="13" hits="3" branch="false"/>
          </lines>
        </class>
      </classes>
    </package>
    <package name="src.components.arrow" line-rate="1" branch-rate="1">
      <classes>
        <class name="index.js" filename="src/components/arrow/index.js" line-rate="1" branch-rate="1">
          <methods>
            <method name="(anonymous_0)" hits="11" signature="()V">
              <lines>
                <line number="5" hits="11"/>
              </lines>
            </method>
          </methods>
          <lines>
            <line number="5" hits="6" branch="true" condition-coverage="100% (1/1)"/>
            <line number="7" hits="11" branch="false"/>
            <line number="13" hits="11" branch="false"/>
          </lines>
        </class>
      </classes>
    </package>
    <package name="src.components.nav" line-rate="1" branch-rate="1">
      <classes>
        <class name="Nav.js" filename="src/components/nav/Nav.js" line-rate="1" branch-rate="1">
          <methods>
            <method name="(anonymous_0)" hits="2" signature="()V">
              <lines>
                <line number="5" hits="2"/>
              </lines>
            </method>
          </methods>
          <lines>
            <line number="5" hits="2" branch="false"/>
            <line number="6" hits="2" branch="false"/>
          </lines>
        </class>
      </classes>
    </package>
    <package name="src.components.refreshButton" line-rate="1" branch-rate="1">
      <classes>
        <class name="index.js" filename="src/components/refreshButton/index.js" line-rate="1" branch-rate="1">
          <methods>
            <method name="(anonymous_0)" hits="5" signature="()V">
              <lines>
                <line number="7" hits="5"/>
              </lines>
            </method>
            <method name="(anonymous_1)" hits="1" signature="()V">
              <lines>
                <line number="12" hits="1"/>
              </lines>
            </method>
          </methods>
          <lines>
            <line number="7" hits="3" branch="false"/>
            <line number="8" hits="5" branch="false"/>
            <line number="10" hits="5" branch="false"/>
            <line number="12" hits="1" branch="false"/>
          </lines>
        </class>
      </classes>
    </package>
    <package name="src.components.scenarioModelling" line-rate="1" branch-rate="0.75">
      <classes>
        <class name="index.js" filename="src/components/scenarioModelling/index.js" line-rate="1" branch-rate="0.75">
          <methods>
            <method name="(anonymous_0)" hits="6" signature="()V">
              <lines>
                <line number="8" hits="6"/>
              </lines>
            </method>
            <method name="(anonymous_1)" hits="6" signature="()V">
              <lines>
                <line number="16" hits="6"/>
              </lines>
            </method>
          </methods>
          <lines>
            <line number="8" hits="3" branch="false"/>
            <line number="9" hits="6" branch="false"/>
            <line number="11" hits="6" branch="false"/>
            <line number="17" hits="6" branch="true" condition-coverage="50% (1/2)"/>
          </lines>
        </class>
      </classes>
    </package>
    <package name="src.context" line-rate="0.7791" branch-rate="0.6">
      <classes>
        <class name="FlowContext.js" filename="src/context/FlowContext.js" line-rate="0.7353000000000001" branch-rate="0.6364">
          <methods>
            <method name="(anonymous_0)" hits="1" signature="()V">
              <lines>
                <line number="14" hits="1"/>
              </lines>
            </method>
            <method name="(anonymous_1)" hits="6" signature="()V">
              <lines>
                <line number="51" hits="6"/>
              </lines>
            </method>
            <method name="(anonymous_2)" hits="32" signature="()V">
              <lines>
                <line number="110" hits="32"/>
              </lines>
            </method>
            <method name="(anonymous_3)" hits="1" signature="()V">
              <lines>
                <line number="110" hits="1"/>
              </lines>
            </method>
            <method name="(anonymous_4)" hits="32" signature="()V">
              <lines>
                <line number="113" hits="32"/>
              </lines>
            </method>
            <method name="(anonymous_5)" hits="1" signature="()V">
              <lines>
                <line number="113" hits="1"/>
              </lines>
            </method>
            <method name="(anonymous_6)" hits="2" signature="()V">
              <lines>
                <line number="117" hits="2"/>
              </lines>
            </method>
            <method name="(anonymous_7)" hits="0" signature="()V">
              <lines>
                <line number="123" hits="0"/>
              </lines>
            </method>
            <method name="(anonymous_8)" hits="31" signature="()V">
              <lines>
                <line number="133" hits="31"/>
              </lines>
            </method>
            <method name="(anonymous_9)" hits="0" signature="()V">
              <lines>
                <line number="133" hits="0"/>
              </lines>
            </method>
            <method name="(anonymous_10)" hits="33" signature="()V">
              <lines>
                <line number="137" hits="33"/>
              </lines>
            </method>
            <method name="(anonymous_11)" hits="2" signature="()V">
              <lines>
                <line number="137" hits="2"/>
              </lines>
            </method>
            <method name="(anonymous_12)" hits="2" signature="()V">
              <lines>
                <line number="139" hits="2"/>
              </lines>
            </method>
            <method name="(anonymous_13)" hits="32" signature="()V">
              <lines>
                <line number="143" hits="32"/>
              </lines>
            </method>
            <method name="(anonymous_14)" hits="1" signature="()V">
              <lines>
                <line number="143" hits="1"/>
              </lines>
            </method>
            <method name="(anonymous_15)" hits="0" signature="()V">
              <lines>
                <line number="148" hits="0"/>
              </lines>
            </method>
            <method name="(anonymous_16)" hits="0" signature="()V">
              <lines>
                <line number="154" hits="0"/>
              </lines>
            </method>
            <method name="(anonymous_17)" hits="0" signature="()V">
              <lines>
                <line number="155" hits="0"/>
              </lines>
            </method>
            <method name="(anonymous_18)" hits="0" signature="()V">
              <lines>
                <line number="155" hits="0"/>
              </lines>
            </method>
            <method name="(anonymous_19)" hits="31" signature="()V">
              <lines>
                <line number="162" hits="31"/>
              </lines>
            </method>
            <method name="(anonymous_20)" hits="0" signature="()V">
              <lines>
                <line number="162" hits="0"/>
              </lines>
            </method>
          </methods>
          <lines>
            <line number="5" hits="12" branch="false"/>
            <line number="6" hits="12" branch="false"/>
            <line number="7" hits="12" branch="false"/>
            <line number="8" hits="12" branch="false"/>
            <line number="9" hits="12" branch="false"/>
            <line number="10" hits="12" branch="false"/>
            <line number="11" hits="12" branch="false"/>
            <line number="12" hits="12" branch="false"/>
            <line number="13" hits="12" branch="false"/>
            <line number="14" hits="12" branch="false"/>
            <line number="15" hits="12" branch="false"/>
            <line number="16" hits="12" branch="false"/>
            <line number="17" hits="12" branch="false"/>
            <line number="18" hits="12" branch="false"/>
            <line number="19" hits="12" branch="false"/>
            <line number="20" hits="12" branch="false"/>
            <line number="22" hits="12" branch="true" condition-coverage="50% (1/2)"/>
            <line number="23" hits="12" branch="false"/>
            <line number="26" hits="12" branch="false"/>
            <line number="27" hits="12" branch="false"/>
            <line number="29" hits="12" branch="false"/>
            <line number="51" hits="12" branch="false"/>
            <line number="52" hits="6" branch="true" condition-coverage="66.66666666666666% (6/9)"/>
            <line number="54" hits="0" branch="false"/>
            <line number="56" hits="0" branch="false"/>
            <line number="61" hits="1" branch="false"/>
            <line number="70" hits="1" branch="false"/>
            <line number="78" hits="1" branch="false"/>
            <line number="90" hits="1" branch="false"/>
            <line number="98" hits="1" branch="false"/>
            <line number="103" hits="0" branch="false"/>
            <line number="105" hits="1" branch="false"/>
            <line number="110" hits="32" branch="false"/>
            <line number="111" hits="1" branch="false"/>
            <line number="113" hits="32" branch="false"/>
            <line number="114" hits="1" branch="false"/>
            <line number="117" hits="12" branch="false"/>
            <line number="118" hits="2" branch="false"/>
            <line number="119" hits="2" branch="false"/>
            <line number="121" hits="2" branch="false"/>
            <line number="122" hits="2" branch="false"/>
            <line number="123" hits="2" branch="false"/>
            <line number="124" hits="0" branch="false"/>
            <line number="125" hits="0" branch="false"/>
            <line number="127" hits="0" branch="false"/>
            <line number="129" hits="2" branch="false"/>
            <line number="133" hits="31" branch="false"/>
            <line number="134" hits="0" branch="false"/>
            <line number="137" hits="33" branch="false"/>
            <line number="138" hits="2" branch="false"/>
            <line number="139" hits="2" branch="false"/>
            <line number="140" hits="2" branch="false"/>
            <line number="143" hits="32" branch="false"/>
            <line number="144" hits="1" branch="false"/>
            <line number="146" hits="1" branch="false"/>
            <line number="149" hits="0" branch="false"/>
            <line number="150" hits="0" branch="false"/>
            <line number="151" hits="0" branch="false"/>
            <line number="152" hits="0" branch="false"/>
            <line number="153" hits="0" branch="false"/>
            <line number="154" hits="0" branch="false"/>
            <line number="155" hits="0" branch="false"/>
            <line number="156" hits="0" branch="false"/>
            <line number="157" hits="0" branch="false"/>
            <line number="158" hits="0" branch="false"/>
            <line number="162" hits="31" branch="false"/>
            <line number="163" hits="0" branch="false"/>
            <line number="167" hits="12" branch="false"/>
          </lines>
        </class>
        <class name="ScenarioContext.js" filename="src/context/ScenarioContext.js" line-rate="0.9" branch-rate="0.5">
          <methods>
            <method name="(anonymous_0)" hits="2" signature="()V">
              <lines>
                <line number="4" hits="2"/>
              </lines>
            </method>
            <method name="(anonymous_1)" hits="7" signature="()V">
              <lines>
                <line number="13" hits="7"/>
              </lines>
            </method>
            <method name="(anonymous_2)" hits="1" signature="()V">
              <lines>
                <line number="13" hits="1"/>
              </lines>
            </method>
            <method name="(anonymous_3)" hits="0" signature="()V">
              <lines>
                <line number="17" hits="0"/>
              </lines>
            </method>
            <method name="(anonymous_4)" hits="0" signature="()V">
              <lines>
                <line number="17" hits="0"/>
              </lines>
            </method>
          </methods>
          <lines>
            <line number="3" hits="5" branch="false"/>
            <line number="4" hits="5" branch="false"/>
            <line number="5" hits="2" branch="true" condition-coverage="100% (2/2)"/>
            <line number="7" hits="1" branch="false"/>
            <line number="9" hits="1" branch="false"/>
            <line number="13" hits="7" branch="false"/>
            <line number="14" hits="1" branch="false"/>
            <line number="17" hits="5" branch="false"/>
            <line number="18" hits="0" branch="true" condition-coverage="0% (0/2)"/>
            <line number="25" hits="5" branch="false"/>
          </lines>
        </class>
        <class name="scenario.js" filename="src/context/scenario.js" line-rate="1" branch-rate="1">
          <methods>
          </methods>
          <lines>
          </lines>
        </class>
        <class name="useDataContext.js" filename="src/context/useDataContext.js" line-rate="1" branch-rate="1">
          <methods>
            <method name="(anonymous_0)" hits="18" signature="()V">
              <lines>
                <line number="4" hits="18"/>
              </lines>
            </method>
            <method name="(anonymous_1)" hits="38" signature="()V">
              <lines>
                <line number="7" hits="38"/>
              </lines>
            </method>
          </methods>
          <lines>
            <line number="5" hits="18" branch="false"/>
            <line number="7" hits="18" branch="false"/>
            <line number="8" hits="38" branch="false"/>
            <line number="10" hits="38" branch="false"/>
            <line number="11" hits="38" branch="false"/>
            <line number="12" hits="193" branch="false"/>
            <line number="15" hits="38" branch="false"/>
            <line number="22" hits="18" branch="false"/>
          </lines>
        </class>
      </classes>
    </package>
    <package name="src.lib" line-rate="1" branch-rate="1">
      <classes>
        <class name="inputOptionBuilder.js" filename="src/lib/inputOptionBuilder.js" line-rate="1" branch-rate="1">
          <methods>
            <method name="(anonymous_0)" hits="6" signature="()V">
              <lines>
                <line number="1" hits="6"/>
              </lines>
            </method>
            <method name="(anonymous_1)" hits="17" signature="()V">
              <lines>
                <line number="3" hits="17"/>
              </lines>
            </method>
            <method name="(anonymous_2)" hits="30" signature="()V">
              <lines>
                <line number="5" hits="30"/>
              </lines>
            </method>
            <method name="(anonymous_3)" hits="10" signature="()V">
              <lines>
                <line number="14" hits="10"/>
              </lines>
            </method>
            <method name="(anonymous_4)" hits="4" signature="()V">
              <lines>
                <line number="14" hits="4"/>
              </lines>
            </method>
          </methods>
          <lines>
            <line number="1" hits="4" branch="false"/>
            <line number="2" hits="6" branch="false"/>
            <line number="3" hits="6" branch="false"/>
            <line number="4" hits="17" branch="true" condition-coverage="100% (2/2)"/>
            <line number="5" hits="30" branch="false"/>
            <line number="6" hits="16" branch="true" condition-coverage="100% (2/2)"/>
            <line number="7" hits="6" branch="false"/>
            <line number="11" hits="6" branch="false"/>
            <line number="14" hits="10" branch="false"/>
            <line number="15" hits="4" branch="false"/>
            <line number="16" hits="4" branch="true" condition-coverage="100% (2/2)"/>
            <line number="17" hits="2" branch="false"/>
            <line number="19" hits="2" branch="false"/>
          </lines>
        </class>
      </classes>
    </package>
  </packages>
</coverage>
